Ignoring stale command-line parameter '-S'Setting SIM_SPEEDUP=10.000000
Suggested EK3_DRAG_BCOEF_* = 17.209, EK3_DRAG_MCOEF = 0.209
Home: -35.363261 149.165230 alt=584.000000m hdg=353.000000
Starting sketch 'ArduCopter'
Starting SITL input
Using Irlock at port : 9005
bind port 5760 for SERIAL0
SERIAL0 on TCP port 5760
Waiting for connection ....
Connection on serial port 5760
Loaded defaults from @ROMFS/default_params/copter.parm,/home/novatics64/novapcb/sims/sitl-regression/novapcb-sitl-combined.parm
bind port 5762 for SERIAL1
SERIAL1 on TCP port 5762
bind port 5763 for SERIAL2
SERIAL2 on TCP port 5763
Loaded defaults from @ROMFS/default_params/copter.parm,/home/novatics64/novapcb/sims/sitl-regression/novapcb-sitl-combined.parm
Smoothing reset at 0.001
validate_structures:538: Validating structures
Waiting for internal clock bits to be set (current=0x00)
Loaded defaults from @ROMFS/default_params/copter.parm,/home/novatics64/novapcb/sims/sitl-regression/novapcb-sitl-combined.parm
Loaded defaults from @ROMFS/default_params/copter.parm,/home/novatics64/novapcb/sims/sitl-regression/novapcb-sitl-combined.parm
Loaded defaults from @ROMFS/default_params/copter.parm,/home/novatics64/novapcb/sims/sitl-regression/novapcb-sitl-combined.parm
Loaded defaults from @ROMFS/default_params/copter.parm,/home/novatics64/novapcb/sims/sitl-regression/novapcb-sitl-combined.parm
Loaded defaults from @ROMFS/default_params/copter.parm,/home/novatics64/novapcb/sims/sitl-regression/novapcb-sitl-combined.parm
Loaded defaults from @ROMFS/default_params/copter.parm,/home/novatics64/novapcb/sims/sitl-regression/novapcb-sitl-combined.parm
bind port 5767 for SERIAL7
SERIAL7 on TCP port 5767
Exitting
